<?xml version="1.0" encoding="UTF-8"?>
<testsuite name="LocalTest" tests="1" skipped="0" failures="0" errors="0" timestamp="2019-12-27T14:08:21" hostname="Nithyas-MacBook-Pro.local" time="15.493">
  <properties/>
  <testcase name="test[0]" classname="LocalTest" time="15.493"/>
  <system-out><![CDATA[]]></system-out>
  <system-err><![CDATA[Dec 27, 2019 7:38:32 PM org.openqa.selenium.remote.ProtocolHandshake createSession
INFO: Detected dialect: OSS
]]></system-err>
</testsuite>
